android/app/build/intermediates/manifest_merge_blame_file/debug/processDebugMainManifest/manifest-merger-blame-debug-report.txt
1<?xml version="1.0" encoding="utf-8"?>
2<manifest xmlns:android="http://schemas.android.com/apk/res/android"
3    package="com.example.new_car_ticket"
4    android:versionCode="1"
5    android:versionName="1.0.0" >
6
7    <uses-sdk
8        android:minSdkVersion="23"
9        android:targetSdkVersion="35" />
10    <!--
11         The INTERNET permission is required for development. Specifically,
12         the Flutter tool needs it to communicate with the running application
13         to allow setting breakpoints, to provide hot reload, etc.
14    -->
15    <uses-permission android:name="android.permission.INTERNET" />
15-->src\debug\AndroidManifest.xml:6:5-66
15-->src\debug\AndroidManifest.xml:6:22-64
16    <!-- Add these permissions -->
17    <uses-permission android:name="android.permission.CAMERA" />
17-->src\main\AndroidManifest.xml:3:5-65
17-->src\main\AndroidManifest.xml:3:22-62
18    <!--
19 Required to query activities that can process text, see:
20         https://developer.android.com/training/package-visibility and
21         https://developer.android.com/reference/android/content/Intent#ACTION_PROCESS_TEXT.
22
23         In particular, this is used by the Flutter engine in io.flutter.plugin.text.ProcessTextPlugin.
24    -->
25    <queries>
25-->src\main\AndroidManifest.xml:41:5-46:15
26        <intent>
26-->src\main\AndroidManifest.xml:42:9-45:18
27            <action android:name="android.intent.action.PROCESS_TEXT" />
27-->src\main\AndroidManifest.xml:43:13-72
27-->src\main\AndroidManifest.xml:43:21-70
28
29            <data android:mimeType="text/plain" />
29-->src\main\AndroidManifest.xml:44:13-50
29-->src\main\AndroidManifest.xml:44:19-48
30        </intent>
31        <!-- Added to check if Chrome is installed for browser-based payment authentication (e.g. 3DS1). -->
32        <package android:name="com.android.chrome" /> <!-- Added to check the default browser that will host the AuthFlow. -->
32-->[com.stripe:payments-core:20.52.3] AndroidManifest.xml:11:9-54
32-->[com.stripe:payments-core:20.52.3] AndroidManifest.xml:11:18-51
33        <intent>
33-->[com.stripe:financial-connections:20.52.3] AndroidManifest.xml:13:9-17:18
34            <action android:name="android.intent.action.VIEW" />
34-->[com.stripe:link:20.52.3] AndroidManifest.xml:27:17-69
34-->[com.stripe:link:20.52.3] AndroidManifest.xml:27:25-66
35
36            <data android:scheme="http" />
36-->src\main\AndroidManifest.xml:44:13-50
37        </intent> <!-- Needs to be explicitly declared on Android R+ -->
38        <package android:name="com.google.android.apps.maps" />
38-->[com.google.android.gms:play-services-maps:18.0.2] AndroidManifest.xml:33:9-64
38-->[com.google.android.gms:play-services-maps:18.0.2] AndroidManifest.xml:33:18-61
39    </queries>
40
41    <uses-permission android:name="android.permission.ACCESS_NETWORK_STATE" />
41-->[:firebase_analytics] AndroidManifest.xml:7:5-79
41-->[:firebase_analytics] AndroidManifest.xml:7:22-76
42    <uses-permission android:name="android.permission.WAKE_LOCK" /> <!-- Permissions options for the `notification` group -->
42-->[:firebase_analytics] AndroidManifest.xml:9:5-68
42-->[:firebase_analytics] AndroidManifest.xml:9:22-65
43    <uses-permission android:name="android.permission.POST_NOTIFICATIONS" />
43-->[:firebase_messaging] AndroidManifest.xml:11:5-77
43-->[:firebase_messaging] AndroidManifest.xml:11:22-74
44    <uses-permission android:name="com.google.android.finsky.permission.BIND_GET_INSTALL_REFERRER_SERVICE" /> <!-- Required by older versions of Google Play services to create IID tokens -->
44-->[com.google.android.gms:play-services-measurement:22.2.0] AndroidManifest.xml:26:5-110
44-->[com.google.android.gms:play-services-measurement:22.2.0] AndroidManifest.xml:26:22-107
45    <uses-permission android:name="com.google.android.c2dm.permission.RECEIVE" />
45-->[com.google.firebase:firebase-messaging:24.1.0] AndroidManifest.xml:26:5-82
45-->[com.google.firebase:firebase-messaging:24.1.0] AndroidManifest.xml:26:22-79
46    <uses-permission android:name="com.google.android.gms.permission.AD_ID" />
46-->[com.google.android.gms:play-services-measurement-impl:22.2.0] AndroidManifest.xml:27:5-79
46-->[com.google.android.gms:play-services-measurement-impl:22.2.0] AndroidManifest.xml:27:22-76
47    <uses-permission android:name="android.permission.ACCESS_ADSERVICES_ATTRIBUTION" />
47-->[com.google.android.gms:play-services-measurement-api:22.2.0] AndroidManifest.xml:26:5-88
47-->[com.google.android.gms:play-services-measurement-api:22.2.0] AndroidManifest.xml:26:22-85
48    <uses-permission android:name="android.permission.ACCESS_ADSERVICES_AD_ID" />
48-->[com.google.android.gms:play-services-measurement-api:22.2.0] AndroidManifest.xml:27:5-82
48-->[com.google.android.gms:play-services-measurement-api:22.2.0] AndroidManifest.xml:27:22-79
49    <uses-permission android:name="com.google.android.providers.gsf.permission.READ_GSERVICES" />
49-->[com.google.android.recaptcha:recaptcha:18.6.1] AndroidManifest.xml:9:5-98
49-->[com.google.android.recaptcha:recaptcha:18.6.1] AndroidManifest.xml:9:22-95
50
51    <uses-feature
51-->[com.google.android.gms:play-services-maps:18.0.2] AndroidManifest.xml:26:5-28:35
52        android:glEsVersion="0x00020000"
52-->[com.google.android.gms:play-services-maps:18.0.2] AndroidManifest.xml:27:9-41
53        android:required="true" />
53-->[com.google.android.gms:play-services-maps:18.0.2] AndroidManifest.xml:28:9-32
54
55    <permission
55-->[androidx.core:core:1.13.1] AndroidManifest.xml:22:5-24:47
56        android:name="com.example.new_car_ticket.DYNAMIC_RECEIVER_NOT_EXPORTED_PERMISSION"
56-->[androidx.core:core:1.13.1] AndroidManifest.xml:23:9-81
57        android:protectionLevel="signature" />
57-->[androidx.core:core:1.13.1] AndroidManifest.xml:24:9-44
58
59    <uses-permission android:name="com.example.new_car_ticket.DYNAMIC_RECEIVER_NOT_EXPORTED_PERMISSION" /> <!-- Don't require camera, as this requires a rear camera. This allows it to work on the Nexus 7 -->
59-->[androidx.core:core:1.13.1] AndroidManifest.xml:26:5-97
59-->[androidx.core:core:1.13.1] AndroidManifest.xml:26:22-94
60    <uses-feature
60-->[com.journeyapps:zxing-android-embedded:4.3.0] AndroidManifest.xml:25:5-27:36
61        android:name="android.hardware.camera"
61-->[com.journeyapps:zxing-android-embedded:4.3.0] AndroidManifest.xml:26:9-47
62        android:required="false" />
62-->[com.journeyapps:zxing-android-embedded:4.3.0] AndroidManifest.xml:27:9-33
63    <uses-feature
63-->[com.journeyapps:zxing-android-embedded:4.3.0] AndroidManifest.xml:28:5-30:36
64        android:name="android.hardware.camera.front"
64-->[com.journeyapps:zxing-android-embedded:4.3.0] AndroidManifest.xml:29:9-53
65        android:required="false" /> <!-- TODO replace above two with next line after Android 4.2 -->
65-->[com.journeyapps:zxing-android-embedded:4.3.0] AndroidManifest.xml:30:9-33
66    <!-- <uses-feature android:name="android.hardware.camera.any"/> -->
67    <uses-feature
67-->[com.journeyapps:zxing-android-embedded:4.3.0] AndroidManifest.xml:33:5-35:36
68        android:name="android.hardware.camera.autofocus"
68-->[com.journeyapps:zxing-android-embedded:4.3.0] AndroidManifest.xml:34:9-57
69        android:required="false" />
69-->[com.journeyapps:zxing-android-embedded:4.3.0] AndroidManifest.xml:35:9-33
70    <uses-feature
70-->[com.journeyapps:zxing-android-embedded:4.3.0] AndroidManifest.xml:36:5-38:36
71        android:name="android.hardware.camera.flash"
71-->[com.journeyapps:zxing-android-embedded:4.3.0] AndroidManifest.xml:37:9-53
72        android:required="false" />
72-->[com.journeyapps:zxing-android-embedded:4.3.0] AndroidManifest.xml:38:9-33
73    <uses-feature
73-->[com.journeyapps:zxing-android-embedded:4.3.0] AndroidManifest.xml:39:5-41:36
74        android:name="android.hardware.screen.landscape"
74-->[com.journeyapps:zxing-android-embedded:4.3.0] AndroidManifest.xml:40:9-57
75        android:required="false" />
75-->[com.journeyapps:zxing-android-embedded:4.3.0] AndroidManifest.xml:41:9-33
76    <uses-feature
76-->[com.journeyapps:zxing-android-embedded:4.3.0] AndroidManifest.xml:42:5-44:36
77        android:name="android.hardware.wifi"
77-->[com.journeyapps:zxing-android-embedded:4.3.0] AndroidManifest.xml:43:9-45
78        android:required="false" />
78-->[com.journeyapps:zxing-android-embedded:4.3.0] AndroidManifest.xml:44:9-33
79
80    <application
81        android:name="android.app.Application"
82        android:appComponentFactory="androidx.core.app.CoreComponentFactory"
82-->[androidx.core:core:1.13.1] AndroidManifest.xml:28:18-86
83        android:debuggable="true"
84        android:extractNativeLibs="false"
85        android:icon="@mipmap/ic_launcher"
86        android:label="new_car_ticket" >
87        <activity
88            android:name="com.example.new_car_ticket.MainActivity"
89            android:configChanges="orientation|keyboardHidden|keyboard|screenSize|smallestScreenSize|locale|layoutDirection|fontScale|screenLayout|density|uiMode"
90            android:exported="true"
91            android:hardwareAccelerated="true"
92            android:launchMode="singleTop"
93            android:taskAffinity=""
94            android:theme="@style/LaunchTheme"
95            android:windowSoftInputMode="adjustResize" >
96
97            <!--
98                 Specifies an Android theme to apply to this Activity as soon as
99                 the Android process has started. This theme is visible to the user
100                 while the Flutter UI initializes. After that, this theme continues
101                 to determine the Window background behind the Flutter UI.
102            -->
103            <meta-data
104                android:name="io.flutter.embedding.android.NormalTheme"
105                android:resource="@style/NormalTheme" />
106
107            <intent-filter>
108                <action android:name="android.intent.action.MAIN" />
109
110                <category android:name="android.intent.category.LAUNCHER" />
111            </intent-filter>
112        </activity>
113        <!--
114             Don't delete the meta-data below.
115             This is used by the Flutter tool to generate GeneratedPluginRegistrant.java
116        -->
117        <meta-data
118            android:name="flutterEmbedding"
119            android:value="2" />
120
121        <activity
121-->[com.stripe:paymentsheet:20.52.3] AndroidManifest.xml:8:9-11:69
122            android:name="com.stripe.android.paymentsheet.PaymentSheetActivity"
122-->[com.stripe:paymentsheet:20.52.3] AndroidManifest.xml:9:13-80
123            android:exported="false"
123-->[com.stripe:paymentsheet:20.52.3] AndroidManifest.xml:10:13-37
124            android:theme="@style/StripePaymentSheetDefaultTheme" />
124-->[com.stripe:paymentsheet:20.52.3] AndroidManifest.xml:11:13-66
125        <activity
125-->[com.stripe:paymentsheet:20.52.3] AndroidManifest.xml:12:9-15:69
126            android:name="com.stripe.android.paymentsheet.PaymentOptionsActivity"
126-->[com.stripe:paymentsheet:20.52.3] AndroidManifest.xml:13:13-82
127            android:exported="false"
127-->[com.stripe:paymentsheet:20.52.3] AndroidManifest.xml:14:13-37
128            android:theme="@style/StripePaymentSheetDefaultTheme" />
128-->[com.stripe:paymentsheet:20.52.3] AndroidManifest.xml:15:13-66
129        <activity
129-->[com.stripe:paymentsheet:20.52.3] AndroidManifest.xml:16:9-19:69
130            android:name="com.stripe.android.customersheet.CustomerSheetActivity"
130-->[com.stripe:paymentsheet:20.52.3] AndroidManifest.xml:17:13-82
131            android:exported="false"
131-->[com.stripe:paymentsheet:20.52.3] AndroidManifest.xml:18:13-37
132            android:theme="@style/StripePaymentSheetDefaultTheme" />
132-->[com.stripe:paymentsheet:20.52.3] AndroidManifest.xml:19:13-66
133        <activity
133-->[com.stripe:paymentsheet:20.52.3] AndroidManifest.xml:20:9-23:69
134            android:name="com.stripe.android.paymentsheet.addresselement.AddressElementActivity"
134-->[com.stripe:paymentsheet:20.52.3] AndroidManifest.xml:21:13-97
135            android:exported="false"
135-->[com.stripe:paymentsheet:20.52.3] AndroidManifest.xml:22:13-37
136            android:theme="@style/StripePaymentSheetDefaultTheme" />
136-->[com.stripe:paymentsheet:20.52.3] AndroidManifest.xml:23:13-66
137        <activity
137-->[com.stripe:paymentsheet:20.52.3] AndroidManifest.xml:24:9-27:69
138            android:name="com.stripe.android.paymentsheet.paymentdatacollection.bacs.BacsMandateConfirmationActivity"
138-->[com.stripe:paymentsheet:20.52.3] AndroidManifest.xml:25:13-118
139            android:exported="false"
139-->[com.stripe:paymentsheet:20.52.3] AndroidManifest.xml:26:13-37
140            android:theme="@style/StripePaymentSheetDefaultTheme" />
140-->[com.stripe:paymentsheet:20.52.3] AndroidManifest.xml:27:13-66
141        <activity
141-->[com.stripe:paymentsheet:20.52.3] AndroidManifest.xml:28:9-31:69
142            android:name="com.stripe.android.paymentsheet.paymentdatacollection.polling.PollingActivity"
142-->[com.stripe:paymentsheet:20.52.3] AndroidManifest.xml:29:13-105
143            android:exported="false"
143-->[com.stripe:paymentsheet:20.52.3] AndroidManifest.xml:30:13-37
144            android:theme="@style/StripePaymentSheetDefaultTheme" />
144-->[com.stripe:paymentsheet:20.52.3] AndroidManifest.xml:31:13-66
145        <activity
145-->[com.stripe:paymentsheet:20.52.3] AndroidManifest.xml:32:9-35:69
146            android:name="com.stripe.android.paymentsheet.ui.SepaMandateActivity"
146-->[com.stripe:paymentsheet:20.52.3] AndroidManifest.xml:33:13-82
147            android:exported="false"
147-->[com.stripe:paymentsheet:20.52.3] AndroidManifest.xml:34:13-37
148            android:theme="@style/StripePaymentSheetDefaultTheme" />
148-->[com.stripe:paymentsheet:20.52.3] AndroidManifest.xml:35:13-66
149        <activity
149-->[com.stripe:paymentsheet:20.52.3] AndroidManifest.xml:36:9-39:68
150            android:name="com.stripe.android.paymentsheet.ExternalPaymentMethodProxyActivity"
150-->[com.stripe:paymentsheet:20.52.3] AndroidManifest.xml:37:13-94
151            android:exported="false"
151-->[com.stripe:paymentsheet:20.52.3] AndroidManifest.xml:38:13-37
152            android:theme="@style/StripePayLauncherDefaultTheme" />
152-->[com.stripe:paymentsheet:20.52.3] AndroidManifest.xml:39:13-65
153        <activity
153-->[com.stripe:paymentsheet:20.52.3] AndroidManifest.xml:40:9-42:69
154            android:name="com.stripe.android.paymentsheet.paymentdatacollection.cvcrecollection.CvcRecollectionActivity"
154-->[com.stripe:paymentsheet:20.52.3] AndroidManifest.xml:41:13-121
155            android:theme="@style/StripePaymentSheetDefaultTheme" />
155-->[com.stripe:paymentsheet:20.52.3] AndroidManifest.xml:42:13-66
156        <activity
156-->[com.stripe:link:20.52.3] AndroidManifest.xml:8:9-13:61
157            android:name="com.stripe.android.link.LinkActivity"
157-->[com.stripe:link:20.52.3] AndroidManifest.xml:9:13-64
158            android:autoRemoveFromRecents="true"
158-->[com.stripe:link:20.52.3] AndroidManifest.xml:10:13-49
159            android:configChanges="orientation|keyboard|keyboardHidden|screenLayout|screenSize|smallestScreenSize"
159-->[com.stripe:link:20.52.3] AndroidManifest.xml:11:13-115
160            android:launchMode="singleTop"
160-->[com.stripe:link:20.52.3] AndroidManifest.xml:12:13-43
161            android:theme="@style/StripeTransparentTheme" />
161-->[com.stripe:link:20.52.3] AndroidManifest.xml:13:13-58
162        <activity
162-->[com.stripe:link:20.52.3] AndroidManifest.xml:14:9-19:61
163            android:name="com.stripe.android.link.LinkForegroundActivity"
163-->[com.stripe:link:20.52.3] AndroidManifest.xml:15:13-74
164            android:autoRemoveFromRecents="true"
164-->[com.stripe:link:20.52.3] AndroidManifest.xml:16:13-49
165            android:configChanges="orientation|keyboard|keyboardHidden|screenLayout|screenSize|smallestScreenSize"
165-->[com.stripe:link:20.52.3] AndroidManifest.xml:17:13-115
166            android:launchMode="singleTop"
166-->[com.stripe:link:20.52.3] AndroidManifest.xml:18:13-43
167            android:theme="@style/StripeTransparentTheme" />
167-->[com.stripe:link:20.52.3] AndroidManifest.xml:19:13-58
168        <activity
168-->[com.stripe:link:20.52.3] AndroidManifest.xml:20:9-37:20
169            android:name="com.stripe.android.link.LinkRedirectHandlerActivity"
169-->[com.stripe:link:20.52.3] AndroidManifest.xml:21:13-79
170            android:autoRemoveFromRecents="true"
170-->[com.stripe:link:20.52.3] AndroidManifest.xml:22:13-49
171            android:exported="true"
171-->[com.stripe:link:20.52.3] AndroidManifest.xml:23:13-36
172            android:launchMode="singleInstance"
172-->[com.stripe:link:20.52.3] AndroidManifest.xml:24:13-48
173            android:theme="@style/StripeTransparentTheme" >
173-->[com.stripe:link:20.52.3] AndroidManifest.xml:25:13-58
174            <intent-filter>
174-->[com.stripe:link:20.52.3] AndroidManifest.xml:26:13-36:29
175                <action android:name="android.intent.action.VIEW" />
175-->[com.stripe:link:20.52.3] AndroidManifest.xml:27:17-69
175-->[com.stripe:link:20.52.3] AndroidManifest.xml:27:25-66
176
177                <category android:name="android.intent.category.DEFAULT" />
177-->[com.stripe:link:20.52.3] AndroidManifest.xml:29:17-76
177-->[com.stripe:link:20.52.3] AndroidManifest.xml:29:27-73
178                <category android:name="android.intent.category.BROWSABLE" />
178-->[com.stripe:link:20.52.3] AndroidManifest.xml:30:17-78
178-->[com.stripe:link:20.52.3] AndroidManifest.xml:30:27-75
179
180                <data
180-->src\main\AndroidManifest.xml:44:13-50
181                    android:host="complete"
182                    android:path="/com.example.new_car_ticket"
183                    android:scheme="link-popup" />
184            </intent-filter>
185        </activity>
186        <activity
186-->[com.stripe:payments-ui-core:20.52.3] AndroidManifest.xml:8:9-11:69
187            android:name="com.stripe.android.ui.core.cardscan.CardScanActivity"
187-->[com.stripe:payments-ui-core:20.52.3] AndroidManifest.xml:9:13-80
188            android:exported="false"
188-->[com.stripe:payments-ui-core:20.52.3] AndroidManifest.xml:10:13-37
189            android:theme="@style/StripePaymentSheetDefaultTheme" />
189-->[com.stripe:payments-ui-core:20.52.3] AndroidManifest.xml:11:13-66
190        <activity
190-->[com.stripe:payments-core:20.52.3] AndroidManifest.xml:15:9-18:57
191            android:name="com.stripe.android.view.AddPaymentMethodActivity"
191-->[com.stripe:payments-core:20.52.3] AndroidManifest.xml:16:13-76
192            android:exported="false"
192-->[com.stripe:payments-core:20.52.3] AndroidManifest.xml:17:13-37
193            android:theme="@style/StripeDefaultTheme" />
193-->[com.stripe:payments-core:20.52.3] AndroidManifest.xml:18:13-54
194        <activity
194-->[com.stripe:payments-core:20.52.3] AndroidManifest.xml:19:9-22:57
195            android:name="com.stripe.android.view.PaymentMethodsActivity"
195-->[com.stripe:payments-core:20.52.3] AndroidManifest.xml:20:13-74
196            android:exported="false"
196-->[com.stripe:payments-core:20.52.3] AndroidManifest.xml:21:13-37
197            android:theme="@style/StripeDefaultTheme" />
197-->[com.stripe:payments-core:20.52.3] AndroidManifest.xml:22:13-54
198        <activity
198-->[com.stripe:payments-core:20.52.3] AndroidManifest.xml:23:9-26:57
199            android:name="com.stripe.android.view.PaymentFlowActivity"
199-->[com.stripe:payments-core:20.52.3] AndroidManifest.xml:24:13-71
200            android:exported="false"
200-->[com.stripe:payments-core:20.52.3] AndroidManifest.xml:25:13-37
201            android:theme="@style/StripeDefaultTheme" />
201-->[com.stripe:payments-core:20.52.3] AndroidManifest.xml:26:13-54
202        <activity
202-->[com.stripe:payments-core:20.52.3] AndroidManifest.xml:27:9-30:57
203            android:name="com.stripe.android.view.PaymentAuthWebViewActivity"
203-->[com.stripe:payments-core:20.52.3] AndroidManifest.xml:28:13-78
204            android:exported="false"
204-->[com.stripe:payments-core:20.52.3] AndroidManifest.xml:29:13-37
205            android:theme="@style/StripeDefaultTheme" />
205-->[com.stripe:payments-core:20.52.3] AndroidManifest.xml:30:13-54
206        <activity
206-->[com.stripe:payments-core:20.52.3] AndroidManifest.xml:31:9-34:61
207            android:name="com.stripe.android.view.PaymentRelayActivity"
207-->[com.stripe:payments-core:20.52.3] AndroidManifest.xml:32:13-72
208            android:exported="false"
208-->[com.stripe:payments-core:20.52.3] AndroidManifest.xml:33:13-37
209            android:theme="@style/StripeTransparentTheme" />
209-->[com.stripe:payments-core:20.52.3] AndroidManifest.xml:34:13-58
210        <!--
211        Set android:launchMode="singleTop" so that the StripeBrowserLauncherActivity instance that
212        launched the browser Activity will also handle the return URL deep link.
213        -->
214        <activity
214-->[com.stripe:payments-core:20.52.3] AndroidManifest.xml:40:9-44:61
215            android:name="com.stripe.android.payments.StripeBrowserLauncherActivity"
215-->[com.stripe:payments-core:20.52.3] AndroidManifest.xml:41:13-85
216            android:exported="false"
216-->[com.stripe:payments-core:20.52.3] AndroidManifest.xml:42:13-37
217            android:launchMode="singleTask"
217-->[com.stripe:payments-core:20.52.3] AndroidManifest.xml:43:13-44
218            android:theme="@style/StripeTransparentTheme" />
218-->[com.stripe:payments-core:20.52.3] AndroidManifest.xml:44:13-58
219        <activity
219-->[com.stripe:payments-core:20.52.3] AndroidManifest.xml:45:9-62:20
220            android:name="com.stripe.android.payments.StripeBrowserProxyReturnActivity"
220-->[com.stripe:payments-core:20.52.3] AndroidManifest.xml:46:13-88
221            android:exported="true"
221-->[com.stripe:payments-core:20.52.3] AndroidManifest.xml:47:13-36
222            android:launchMode="singleTask"
222-->[com.stripe:payments-core:20.52.3] AndroidManifest.xml:48:13-44
223            android:theme="@style/StripeTransparentTheme" >
223-->[com.stripe:payments-core:20.52.3] AndroidManifest.xml:49:13-58
224            <intent-filter>
224-->[com.stripe:payments-core:20.52.3] AndroidManifest.xml:50:13-61:29
225                <action android:name="android.intent.action.VIEW" />
225-->[com.stripe:link:20.52.3] AndroidManifest.xml:27:17-69
225-->[com.stripe:link:20.52.3] AndroidManifest.xml:27:25-66
226
227                <category android:name="android.intent.category.DEFAULT" />
227-->[com.stripe:link:20.52.3] AndroidManifest.xml:29:17-76
227-->[com.stripe:link:20.52.3] AndroidManifest.xml:29:27-73
228                <category android:name="android.intent.category.BROWSABLE" />
228-->[com.stripe:link:20.52.3] AndroidManifest.xml:30:17-78
228-->[com.stripe:link:20.52.3] AndroidManifest.xml:30:27-75
229
230                <!-- Must match `DefaultReturnUrl#value`. -->
231                <data
231-->src\main\AndroidManifest.xml:44:13-50
232                    android:host="payment_return_url"
233                    android:path="/com.example.new_car_ticket"
234                    android:scheme="stripesdk" />
235            </intent-filter>
236        </activity>
237        <activity
237-->[com.stripe:payments-core:20.52.3] AndroidManifest.xml:63:9-66:57
238            android:name="com.stripe.android.payments.core.authentication.threeds2.Stripe3ds2TransactionActivity"
238-->[com.stripe:payments-core:20.52.3] AndroidManifest.xml:64:13-114
239            android:exported="false"
239-->[com.stripe:payments-core:20.52.3] AndroidManifest.xml:65:13-37
240            android:theme="@style/StripeDefaultTheme" />
240-->[com.stripe:payments-core:20.52.3] AndroidManifest.xml:66:13-54
241        <activity
241-->[com.stripe:payments-core:20.52.3] AndroidManifest.xml:67:9-70:66
242            android:name="com.stripe.android.googlepaylauncher.GooglePayLauncherActivity"
242-->[com.stripe:payments-core:20.52.3] AndroidManifest.xml:68:13-90
243            android:exported="false"
243-->[com.stripe:payments-core:20.52.3] AndroidManifest.xml:69:13-37
244            android:theme="@style/StripeGooglePayDefaultTheme" />
244-->[com.stripe:payments-core:20.52.3] AndroidManifest.xml:70:13-63
245        <activity
245-->[com.stripe:payments-core:20.52.3] AndroidManifest.xml:71:9-74:66
246            android:name="com.stripe.android.googlepaylauncher.GooglePayPaymentMethodLauncherActivity"
246-->[com.stripe:payments-core:20.52.3] AndroidManifest.xml:72:13-103
247            android:exported="false"
247-->[com.stripe:payments-core:20.52.3] AndroidManifest.xml:73:13-37
248            android:theme="@style/StripeGooglePayDefaultTheme" />
248-->[com.stripe:payments-core:20.52.3] AndroidManifest.xml:74:13-63
249        <activity
249-->[com.stripe:payments-core:20.52.3] AndroidManifest.xml:75:9-78:68
250            android:name="com.stripe.android.payments.paymentlauncher.PaymentLauncherConfirmationActivity"
250-->[com.stripe:payments-core:20.52.3] AndroidManifest.xml:76:13-107
251            android:exported="false"
251-->[com.stripe:payments-core:20.52.3] AndroidManifest.xml:77:13-37
252            android:theme="@style/StripePayLauncherDefaultTheme" />
252-->[com.stripe:payments-core:20.52.3] AndroidManifest.xml:78:13-65
253        <activity
253-->[com.stripe:payments-core:20.52.3] AndroidManifest.xml:79:9-82:61
254            android:name="com.stripe.android.payments.bankaccount.ui.CollectBankAccountActivity"
254-->[com.stripe:payments-core:20.52.3] AndroidManifest.xml:80:13-97
255            android:exported="false"
255-->[com.stripe:payments-core:20.52.3] AndroidManifest.xml:81:13-37
256            android:theme="@style/StripeTransparentTheme" />
256-->[com.stripe:payments-core:20.52.3] AndroidManifest.xml:82:13-58
257        <activity
257-->[com.stripe:stripe-3ds2-android:6.1.8] AndroidManifest.xml:8:9-11:54
258            android:name="com.stripe.android.stripe3ds2.views.ChallengeActivity"
258-->[com.stripe:stripe-3ds2-android:6.1.8] AndroidManifest.xml:9:13-81
259            android:exported="false"
259-->[com.stripe:stripe-3ds2-android:6.1.8] AndroidManifest.xml:10:13-37
260            android:theme="@style/Stripe3DS2Theme" />
260-->[com.stripe:stripe-3ds2-android:6.1.8] AndroidManifest.xml:11:13-51
261
262        <provider
262-->[:image_picker_android] AndroidManifest.xml:9:9-17:20
263            android:name="io.flutter.plugins.imagepicker.ImagePickerFileProvider"
263-->[:image_picker_android] AndroidManifest.xml:10:13-82
264            android:authorities="com.example.new_car_ticket.flutter.image_provider"
264-->[:image_picker_android] AndroidManifest.xml:11:13-74
265            android:exported="false"
265-->[:image_picker_android] AndroidManifest.xml:12:13-37
266            android:grantUriPermissions="true" >
266-->[:image_picker_android] AndroidManifest.xml:13:13-47
267            <meta-data
267-->[:image_picker_android] AndroidManifest.xml:14:13-16:75
268                android:name="android.support.FILE_PROVIDER_PATHS"
268-->[:image_picker_android] AndroidManifest.xml:15:17-67
269                android:resource="@xml/flutter_image_picker_file_paths" />
269-->[:image_picker_android] AndroidManifest.xml:16:17-72
270        </provider> <!-- Trigger Google Play services to install the backported photo picker module. -->
271        <service
271-->[:image_picker_android] AndroidManifest.xml:19:9-31:19
272            android:name="com.google.android.gms.metadata.ModuleDependencies"
272-->[:image_picker_android] AndroidManifest.xml:20:13-78
273            android:enabled="false"
273-->[:image_picker_android] AndroidManifest.xml:21:13-36
274            android:exported="false" >
274-->[:image_picker_android] AndroidManifest.xml:22:13-37
275            <intent-filter>
275-->[:image_picker_android] AndroidManifest.xml:24:13-26:29
276                <action android:name="com.google.android.gms.metadata.MODULE_DEPENDENCIES" />
276-->[:image_picker_android] AndroidManifest.xml:25:17-94
276-->[:image_picker_android] AndroidManifest.xml:25:25-91
277            </intent-filter>
278
279            <meta-data
279-->[:image_picker_android] AndroidManifest.xml:28:13-30:36
280                android:name="photopicker_activity:0:required"
280-->[:image_picker_android] AndroidManifest.xml:29:17-63
281                android:value="" />
281-->[:image_picker_android] AndroidManifest.xml:30:17-33
282        </service>
283        <service
283-->[:cloud_firestore] AndroidManifest.xml:8:9-12:19
284            android:name="com.google.firebase.components.ComponentDiscoveryService"
284-->[:cloud_firestore] AndroidManifest.xml:8:18-89
285            android:directBootAware="true"
285-->[com.google.firebase:firebase-common:21.0.0] AndroidManifest.xml:32:13-43
286            android:exported="false" >
286-->[com.google.firebase:firebase-auth:23.2.0] AndroidManifest.xml:68:13-37
287            <meta-data
287-->[:cloud_firestore] AndroidManifest.xml:9:13-11:85
288                android:name="com.google.firebase.components:io.flutter.plugins.firebase.firestore.FlutterFirebaseFirestoreRegistrar"
288-->[:cloud_firestore] AndroidManifest.xml:10:17-134
289                android:value="com.google.firebase.components.ComponentRegistrar" />
289-->[:cloud_firestore] AndroidManifest.xml:11:17-82
290            <meta-data
290-->[:firebase_analytics] AndroidManifest.xml:13:13-15:85
291                android:name="com.google.firebase.components:io.flutter.plugins.firebase.analytics.FlutterFirebaseAppRegistrar"
291-->[:firebase_analytics] AndroidManifest.xml:14:17-128
292                android:value="com.google.firebase.components.ComponentRegistrar" />
292-->[:firebase_analytics] AndroidManifest.xml:15:17-82